2024-09-19 10:54:40,677 - ERROR - error in ploting weekly sales: Only valid with DatetimeIndex, TimedeltaIndex or PeriodIndex, but got an instance of 'RangeIndex'
2024-09-19 10:56:14,068 - ERROR - error in ploting weekly sales: Only valid with DatetimeIndex, TimedeltaIndex or PeriodIndex, but got an instance of 'RangeIndex'
2024-09-19 11:07:16,389 - ERROR -  error while making date and index 'Date'
2024-09-19 11:07:24,023 - ERROR -  error while making date and index 'Date'
2024-09-19 11:07:34,478 - ERROR -  error while making date and index 'Date'
2024-09-19 11:07:50,638 - ERROR -  error while making date and index 'Date'
2024-09-19 17:55:55,543 - ERROR - error while performing statistical analysis For each axis slice, the sum of the observed frequencies must agree with the sum of the expected frequencies to a relative tolerance of 1.4901161193847656e-08, but the percent differences are:
23.75683897975078
2024-09-19 17:55:55,543 - ERROR - error while performing statistical analysis For each axis slice, the sum of the observed frequencies must agree with the sum of the expected frequencies to a relative tolerance of 1.4901161193847656e-08, but the percent differences are:
23.75683897975078
2024-09-19 17:58:47,576 - ERROR - error while performing statistical analysis For each axis slice, the sum of the observed frequencies must agree with the sum of the expected frequencies to a relative tolerance of 1.4901161193847656e-08, but the percent differences are:
23.75683897975078
2024-09-19 17:58:47,576 - ERROR - error while performing statistical analysis For each axis slice, the sum of the observed frequencies must agree with the sum of the expected frequencies to a relative tolerance of 1.4901161193847656e-08, but the percent differences are:
23.75683897975078
2024-09-19 20:38:30,300 - ERROR - error while creating the holidayperiod column : 'DataFrame' object has no attribute 'groupbt'
2024-09-19 20:38:30,300 - ERROR - error while creating the holidayperiod column : 'DataFrame' object has no attribute 'groupbt'
2024-09-19 20:38:30,300 - ERROR - error while creating the holidayperiod column : 'DataFrame' object has no attribute 'groupbt'
2024-09-20 11:01:14,333 - ERROR - Error while calculating uplift : 'Store'
2024-09-20 11:01:14,333 - ERROR - Error while calculating uplift : 'Store'
2024-09-20 11:01:14,333 - ERROR - Error while calculating uplift : 'Store'
2024-09-20 11:03:41,243 - ERROR - Error while calculating uplift : 'Store'
2024-09-20 11:03:41,243 - ERROR - Error while calculating uplift : 'Store'
2024-09-20 11:03:41,243 - ERROR - Error while calculating uplift : 'Store'
2024-09-20 11:05:48,557 - ERROR - Error while calculating uplift : 'Store'
2024-09-20 11:05:48,557 - ERROR - Error while calculating uplift : 'Store'
2024-09-20 11:05:48,557 - ERROR - Error while calculating uplift : 'Store'
2024-09-20 12:26:56,046 - ERROR -  Error while showing influence of opening all weekdays : bad operand type for unary ~: 'list'
2024-09-20 12:26:56,046 - ERROR -  Error while showing influence of opening all weekdays : bad operand type for unary ~: 'list'
2024-09-20 12:26:56,046 - ERROR -  Error while showing influence of opening all weekdays : bad operand type for unary ~: 'list'
2024-09-20 14:29:06,652 - ERROR -  Error while showing influence of opening all weekdays : 'Store'
2024-09-20 14:30:15,240 - ERROR - error while performing ab hypotesesi test
2024-09-20 14:30:19,406 - ERROR -  Error while showing influence of opening all weekdays : 'Store'
2024-09-20 14:33:22,069 - ERROR -  Error while showing influence of opening all weekdays : name 'df' is not defined
2024-09-20 14:33:22,069 - ERROR -  Error while showing influence of opening all weekdays : name 'df' is not defined
2024-09-20 14:33:22,069 - ERROR -  Error while showing influence of opening all weekdays : name 'df' is not defined
2024-09-20 15:47:01,802 - ERROR - Error while analyzing assortment impact on sales: 'function' object is not subscriptable
2024-09-20 17:49:36,704 - ERROR - Error in ploting ACF and PACF: Axes.stem() got an unexpected keyword argument 'use_line_collection'
2024-09-20 17:49:36,704 - ERROR - Error in ploting ACF and PACF: Axes.stem() got an unexpected keyword argument 'use_line_collection'
2024-09-20 17:49:36,704 - ERROR - Error in ploting ACF and PACF: Axes.stem() got an unexpected keyword argument 'use_line_collection'
2024-09-20 17:49:41,504 - ERROR - Error in plotting store type performance: 'Store_Type'
2024-09-20 17:49:41,504 - ERROR - Error in plotting store type performance: 'Store_Type'
2024-09-20 17:49:41,504 - ERROR - Error in plotting store type performance: 'Store_Type'
2024-09-21 10:55:26,164 - ERROR - Error in plotting store type performance: 'Store_Type'
2024-09-21 10:55:26,164 - ERROR - Error in plotting store type performance: 'Store_Type'
2024-09-21 10:55:26,164 - ERROR - Error in plotting store type performance: 'Store_Type'
